2022-08-15 19:27:01,267 INFO org.springframework.boot.StartupInfoLogger [main] Starting RestaurantsApplication using Java 1.8.0_345 on lappy with PID 49562 (/home/me/Downloads/restaurants/target/classes started by me in /home/me/Downloads/restaurants)
2022-08-15 19:27:01,268 DEBUG org.springframework.boot.StartupInfoLogger [main] Running with Spring Boot v2.7.2, Spring v5.3.22
2022-08-15 19:27:01,269 INFO org.springframework.boot.SpringApplication [main] No active profile set, falling back to 1 default profile: "default"
2022-08-15 19:27:03,874 INFO org.springframework.boot.StartupInfoLogger [main] Started RestaurantsApplication in 2.935 seconds (JVM running for 3.327)
2022-08-15 19:34:51,575 INFO org.springframework.boot.StartupInfoLogger [main] Starting RestaurantsApplication using Java 1.8.0_345 on lappy with PID 49996 (/home/me/Downloads/restaurants/target/classes started by me in /home/me/Downloads/restaurants)
2022-08-15 19:34:51,578 DEBUG org.springframework.boot.StartupInfoLogger [main] Running with Spring Boot v2.7.2, Spring v5.3.22
2022-08-15 19:34:51,579 INFO org.springframework.boot.SpringApplication [main] No active profile set, falling back to 1 default profile: "default"
2022-08-15 19:34:54,242 INFO org.springframework.boot.StartupInfoLogger [main] Started RestaurantsApplication in 3.01 seconds (JVM running for 3.435)
2022-08-15 19:36:25,845 INFO org.springframework.boot.StartupInfoLogger [main] Starting RestaurantsApplication using Java 1.8.0_345 on lappy with PID 50182 (/home/me/Downloads/restaurants/target/classes started by me in /home/me/Downloads/restaurants)
2022-08-15 19:36:25,847 DEBUG org.springframework.boot.StartupInfoLogger [main] Running with Spring Boot v2.7.2, Spring v5.3.22
2022-08-15 19:36:25,848 INFO org.springframework.boot.SpringApplication [main] No active profile set, falling back to 1 default profile: "default"
2022-08-15 19:36:28,540 INFO org.springframework.boot.StartupInfoLogger [main] Started RestaurantsApplication in 3.042 seconds (JVM running for 3.423)
2022-08-15 19:36:50,396 WARN org.springframework.web.servlet.DispatcherServlet [http-nio-8080-exec-1] No mapping for GET /api/get-restaurants-by-grade
2022-08-15 19:39:28,997 WARN org.springframework.web.servlet.DispatcherServlet [http-nio-8080-exec-1] No mapping for GET /api/get-restaurants-by-grade
2022-08-15 19:41:03,873 ERROR org.apache.juli.logging.DirectJDKLog [http-nio-8080-exec-1] Servlet.service() for servlet [dispatcherServlet] in context with path [] threw exception [Request processing failed; nested exception is java.lang.Exception: General error page being displayed] with root cause
java.lang.Exception: General error page being displayed
	at com.assessment.restaurants.controller.RestaurantsController.getAllRestaurants(RestaurantController.java:35)
	at sun.reflect.NativeMethodAccessorImpl.invoke0(Native Method)
	at sun.reflect.NativeMethodAccessorImpl.invoke(NativeMethodAccessorImpl.java:62)
	at sun.reflect.DelegatingMethodAccessorImpl.invoke(DelegatingMethodAccessorImpl.java:43)
	at java.lang.reflect.Method.invoke(Method.java:498)
	at org.springframework.web.method.support.InvocableHandlerMethod.doInvoke(InvocableHandlerMethod.java:205)
	at org.springframework.web.method.support.InvocableHandlerMethod.invokeForRequest(InvocableHandlerMethod.java:150)
	at org.springframework.web.servlet.mvc.method.annotation.ServletInvocableHandlerMethod.invokeAndHandle(ServletInvocableHandlerMethod.java:117)
	at org.springframework.web.servlet.mvc.method.annotation.RequestMappingHandlerAdapter.invokeHandlerMethod(RequestMappingHandlerAdapter.java:895)
	at org.springframework.web.servlet.mvc.method.annotation.RequestMappingHandlerAdapter.handleInternal(RequestMappingHandlerAdapter.java:808)
	at org.springframework.web.servlet.mvc.method.AbstractHandlerMethodAdapter.handle(AbstractHandlerMethodAdapter.java:87)
	at org.springframework.web.servlet.DispatcherServlet.doDispatch(DispatcherServlet.java:1070)
	at org.springframework.web.servlet.DispatcherServlet.doService(DispatcherServlet.java:963)
	at org.springframework.web.servlet.FrameworkServlet.processRequest(FrameworkServlet.java:1006)
	at org.springframework.web.servlet.FrameworkServlet.doGet(FrameworkServlet.java:898)
	at javax.servlet.http.HttpServlet.service(HttpServlet.java:655)
	at org.springframework.web.servlet.FrameworkServlet.service(FrameworkServlet.java:883)
	at javax.servlet.http.HttpServlet.service(HttpServlet.java:764)
	at org.apache.catalina.core.ApplicationFilterChain.internalDoFilter(ApplicationFilterChain.java:227)
	at org.apache.catalina.core.ApplicationFilterChain.doFilter(ApplicationFilterChain.java:162)
	at org.apache.tomcat.websocket.server.WsFilter.doFilter(WsFilter.java:53)
	at org.apache.catalina.core.ApplicationFilterChain.internalDoFilter(ApplicationFilterChain.java:189)
	at org.apache.catalina.core.ApplicationFilterChain.doFilter(ApplicationFilterChain.java:162)
	at org.springframework.web.filter.CharacterEncodingFilter.doFilterInternal(CharacterEncodingFilter.java:201)
	at org.springframework.web.filter.OncePerRequestFilter.doFilter(OncePerRequestFilter.java:117)
	at org.apache.catalina.core.ApplicationFilterChain.internalDoFilter(ApplicationFilterChain.java:189)
	at org.apache.catalina.core.ApplicationFilterChain.doFilter(ApplicationFilterChain.java:162)
	at org.apache.catalina.core.StandardWrapperValve.invoke(StandardWrapperValve.java:197)
	at org.apache.catalina.core.StandardContextValve.invoke(StandardContextValve.java:97)
	at org.apache.catalina.authenticator.AuthenticatorBase.invoke(AuthenticatorBase.java:541)
	at org.apache.catalina.core.StandardHostValve.invoke(StandardHostValve.java:135)
	at org.apache.catalina.valves.ErrorReportValve.invoke(ErrorReportValve.java:92)
	at org.apache.catalina.core.StandardEngineValve.invoke(StandardEngineValve.java:78)
	at org.apache.catalina.connector.CoyoteAdapter.service(CoyoteAdapter.java:360)
	at org.apache.coyote.http11.Http11Processor.service(Http11Processor.java:399)
	at org.apache.coyote.AbstractProcessorLight.process(AbstractProcessorLight.java:65)
	at org.apache.coyote.AbstractProtocol$ConnectionHandler.process(AbstractProtocol.java:890)
	at org.apache.tomcat.util.net.NioEndpoint$SocketProcessor.doRun(NioEndpoint.java:1789)
	at org.apache.tomcat.util.net.SocketProcessorBase.run(SocketProcessorBase.java:49)
	at org.apache.tomcat.util.threads.ThreadPoolExecutor.runWorker(ThreadPoolExecutor.java:1191)
	at org.apache.tomcat.util.threads.ThreadPoolExecutor$Worker.run(ThreadPoolExecutor.java:659)
	at org.apache.tomcat.util.threads.TaskThread$WrappingRunnable.run(TaskThread.java:61)
	at java.lang.Thread.run(Thread.java:750)
